C:\USERS\LAMIA\GOOGLE DRIVE\IGRAPHICS\APL PROJECT\APL PROJECT\DEBUG\VC110.PDB
C:\USERS\LAMIA\GOOGLE DRIVE\IGRAPHICS\APL PROJECT\APL PROJECT\DEBUG\IMAIN.OBJ
C:\USERS\LAMIA\GOOGLE DRIVE\IGRAPHICS\APL PROJECT\DEBUG\APL PROJECT.ILK
C:\USERS\LAMIA\GOOGLE DRIVE\IGRAPHICS\APL PROJECT\DEBUG\APL PROJECT.EXE
C:\USERS\LAMIA\GOOGLE DRIVE\IGRAPHICS\APL PROJECT\DEBUG\APL PROJECT.PDB
C:\Users\Lamia\Google Drive\iGraphics\APL project\APL project\Debug\iMain.obj
C:\Users\Lamia\Google Drive\iGraphics\APL project\APL project\Debug\cl.command.1.tlog
C:\Users\Lamia\Google Drive\iGraphics\APL project\APL project\Debug\CL.read.1.tlog
C:\Users\Lamia\Google Drive\iGraphics\APL project\APL project\Debug\CL.write.1.tlog
C:\Users\Lamia\Google Drive\iGraphics\APL project\APL project\Debug\link-cvtres.read.1.tlog
C:\Users\Lamia\Google Drive\iGraphics\APL project\APL project\Debug\link-cvtres.write.1.tlog
C:\Users\Lamia\Google Drive\iGraphics\APL project\APL project\Debug\link-rc.read.1.tlog
C:\Users\Lamia\Google Drive\iGraphics\APL project\APL project\Debug\link-rc.write.1.tlog
C:\Users\Lamia\Google Drive\iGraphics\APL project\APL project\Debug\link.command.1.tlog
C:\Users\Lamia\Google Drive\iGraphics\APL project\APL project\Debug\link.read.1.tlog
C:\Users\Lamia\Google Drive\iGraphics\APL project\APL project\Debug\link.write.1.tlog
C:\Users\Lamia\Google Drive\iGraphics\APL project\APL project\Debug\vc110.idb
C:\Users\Lamia\Google Drive\iGraphics\APL project\APL project\Debug\vc110.pdb
C:\Users\Lamia\Google Drive\iGraphics\APL project\Debug\APL project.pdb
C:\Users\Lamia\Google Drive\iGraphics\APL project\Debug\APL project.exe
C:\Users\Lamia\Google Drive\iGraphics\APL project\Debug\APL project.ilk
